# JRE version: Java(TM) SE Runtime Environment (23.0.1+11) (build 23.0.1+11-39)
# Java VM: Java HotSpot(TM) 64-Bit Server VM (23.0.1+11-39, mixed mode, emulated-client, tiered, compressed oops, compressed class ptrs, g1 gc, windows-amd64)
GC Precious Log:
 CardTable entry size: 512
 Card Set container configuration: InlinePtr #cards 5 size 8 Array Of Cards #cards 10 size 36 Howl #buckets 4 coarsen threshold 1843 Howl Bitmap #cards 512 size 80 coarsen threshold 460 Card regions per heap region 1 cards per card region 2048
 CPUs: 16 total, 16 available
 Memory: 7597M
 Large Page Support: Disabled
 NUMA Support: Disabled
 Compressed Oops: Enabled (32-bit)
 Heap Region Size: 1M
 Heap Min Capacity: 8M
 Heap Initial Capacity: 120M
 Heap Max Capacity: 1900M
 Pre-touch: Disabled
 Parallel Workers: 13
 Concurrent Workers: 3
 Concurrent Refinement Workers: 13
 Periodic GC: Disabled
Heap:
 garbage-first heap   total reserved 1945600K, committed 40960K, used 30754K [0x0000000089400000, 0x0000000100000000)
  region size 1024K, 22 young (22528K), 3 survivors (3072K)
 Metaspace       used 31278K, committed 31616K, reserved 1114112K
  class space    used 3762K, committed 3904K, reserved 1048576K
GC Heap History (14 events):
Event: 17.194 GC heap before
{Heap before GC invocations=0 (full 0):
 garbage-first heap   total reserved 1945600K, committed 122880K, used 26624K [0x0000000089400000, 0x0000000100000000)
  region size 1024K, 24 young (24576K), 0 survivors (0K)
 Metaspace       used 17204K, committed 17472K, reserved 1114112K
  class space    used 1794K, committed 1920K, reserved 1048576K
}
Event: 18.215 GC heap after
{Heap after GC invocations=1 (full 0):
 garbage-first heap   total reserved 1945600K, committed 122880K, used 9914K [0x0000000089400000, 0x0000000100000000)
  region size 1024K, 3 young (3072K), 3 survivors (3072K)
 Metaspace       used 17204K, committed 17472K, reserved 1114112K
  class space    used 1794K, committed 1920K, reserved 1048576K
}
Event: 19.257 GC heap before
{Heap before GC invocations=1 (full 0):
 garbage-first heap   total reserved 1945600K, committed 122880K, used 12986K [0x0000000089400000, 0x0000000100000000)
  region size 1024K, 6 young (6144K), 3 survivors (3072K)
 Metaspace       used 17722K, committed 17984K, reserved 1114112K
  class space    used 1876K, committed 1984K, reserved 1048576K
}
Event: 19.261 GC heap after
{Heap after GC invocations=2 (full 0):
 garbage-first heap   total reserved 1945600K, committed 122880K, used 10405K [0x0000000089400000, 0x0000000100000000)
  region size 1024K, 1 young (1024K), 1 survivors (1024K)
 Metaspace       used 17722K, committed 17984K, reserved 1114112K
  class space    used 1876K, committed 1984K, reserved 1048576K
}
Event: 20.339 GC heap before
{Heap before GC invocations=2 (full 0):
 garbage-first heap   total reserved 1945600K, committed 122880K, used 14501K [0x0000000089400000, 0x0000000100000000)
  region size 1024K, 6 young (6144K), 1 survivors (1024K)
 Metaspace       used 18652K, committed 19008K, reserved 1114112K
  class space    used 2012K, committed 2176K, reserved 1048576K
}
Event: 20.341 GC heap after
{Heap after GC invocations=3 (full 0):
 garbage-first heap   total reserved 1945600K, committed 122880K, used 10497K [0x0000000089400000, 0x0000000100000000)
  region size 1024K, 1 young (1024K), 1 survivors (1024K)
 Metaspace       used 18652K, committed 19008K, reserved 1114112K
  class space    used 2012K, committed 2176K, reserved 1048576K
}
Event: 20.391 GC heap before
{Heap before GC invocations=3 (full 0):
 garbage-first heap   total reserved 1945600K, committed 122880K, used 14593K [0x0000000089400000, 0x0000000100000000)
  region size 1024K, 6 young (6144K), 1 survivors (1024K)
 Metaspace       used 18900K, committed 19200K, reserved 1114112K
  class space    used 2049K, committed 2176K, reserved 1048576K
}
Event: 20.392 GC heap after
{Heap after GC invocations=4 (full 0):
 garbage-first heap   total reserved 1945600K, committed 122880K, used 10599K [0x0000000089400000, 0x0000000100000000)
  region size 1024K, 1 young (1024K), 1 survivors (1024K)
 Metaspace       used 18900K, committed 19200K, reserved 1114112K
  class space    used 2049K, committed 2176K, reserved 1048576K
}
Event: 20.508 GC heap before
{Heap before GC invocations=4 (full 0):
 garbage-first heap   total reserved 1945600K, committed 122880K, used 15719K [0x0000000089400000, 0x0000000100000000)
  region size 1024K, 6 young (6144K), 1 survivors (1024K)
 Metaspace       used 20334K, committed 20608K, reserved 1114112K
  class space    used 2244K, committed 2368K, reserved 1048576K
}
Event: 20.509 GC heap after
{Heap after GC invocations=5 (full 0):
 garbage-first heap   total reserved 1945600K, committed 122880K, used 10995K [0x0000000089400000, 0x0000000100000000)
  region size 1024K, 1 young (1024K), 1 survivors (1024K)
 Metaspace       used 20334K, committed 20608K, reserved 1114112K
  class space    used 2244K, committed 2368K, reserved 1048576K
}
Event: 22.628 GC heap before
{Heap before GC invocations=5 (full 0):
 garbage-first heap   total reserved 1945600K, committed 122880K, used 14067K [0x0000000089400000, 0x0000000100000000)
  region size 1024K, 6 young (6144K), 1 survivors (1024K)
 Metaspace       used 21183K, committed 21504K, reserved 1114112K
  class space    used 2391K, committed 2560K, reserved 1048576K
}
Event: 22.630 GC heap after
{Heap after GC invocations=6 (full 0):
 garbage-first heap   total reserved 1945600K, committed 122880K, used 11441K [0x0000000089400000, 0x0000000100000000)
  region size 1024K, 1 young (1024K), 1 survivors (1024K)
 Metaspace       used 21183K, committed 21504K, reserved 1114112K
  class space    used 2391K, committed 2560K, reserved 1048576K
}
Event: 27.995 GC heap before
{Heap before GC invocations=7 (full 0):
 garbage-first heap   total reserved 1945600K, committed 40960K, used 33969K [0x0000000089400000, 0x0000000100000000)
  region size 1024K, 24 young (24576K), 1 survivors (1024K)
 Metaspace       used 27396K, committed 27712K, reserved 1114112K
  class space    used 3233K, committed 3392K, reserved 1048576K
}
Event: 27.998 GC heap after
{Heap after GC invocations=8 (full 0):
 garbage-first heap   total reserved 1945600K, committed 40960K, used 13346K [0x0000000089400000, 0x0000000100000000)
  region size 1024K, 3 young (3072K), 3 survivors (3072K)
 Metaspace       used 27396K, committed 27712K, reserved 1114112K
  class space    used 3233K, committed 3392K, reserved 1048576K
}

